Using pre-set license
Built from '2020.3/staging' branch; Version is '2020.3.0f1 (c7b5465681fb) revision 13088070'; Using compiler version '192528614'; Build Type 'Release'
OS: 'Windows 10 Home Single Language; OS build 19042.928; Version 2009; 64bit' Language: 'tr' Physical Memory: 16178 MB
BatchMode: 1, IsHumanControllingUs: 0, StartBugReporterOnCrash: 0, Is64bit: 1, IsPro: 0

 COMMAND LINE ARGUMENTS:
C:\Users\User\Desktop\HERSEY\Unity\2020.3.0f1\Editor\Unity.exe
-adb2
-batchMode
-noUpm
-name
AssetImportWorker0
-projectPath
D:/Bitbucket-Cold/GunRun
-logFile
Logs/AssetImportWorker0.log
-srvPort
52704
Successfully changed project path to: D:/Bitbucket-Cold/GunRun
D:/Bitbucket-Cold/GunRun
Using Asset Import Pipeline V2.
Refreshing native plugins compatible for Editor in 39.94 ms, found 0 plugins.
Preloading 0 native plugins for Editor in 0.00 ms.
Initialize engine version: 2020.3.0f1 (c7b5465681fb)
[Subsystems] Discovering subsystems at path C:/Users/User/Desktop/HERSEY/Unity/2020.3.0f1/Editor/Data/Resources/UnitySubsystems
[Subsystems] Discovering subsystems at path D:/Bitbucket-Cold/GunRun/Assets
GfxDevice: creating device client; threaded=0
Direct3D:
    Version:  Direct3D 11.0 [level 11.1]
    Renderer: NVIDIA GeForce GTX 1050 Ti (ID=0x1c8c)
    Vendor:   
    VRAM:     4018 MB
    Driver:   27.21.14.5771
Initialize mono
Mono path[0] = 'C:/Users/User/Desktop/HERSEY/Unity/2020.3.0f1/Editor/Data/Managed'
Mono path[1] = 'C:/Users/User/Desktop/HERSEY/Unity/2020.3.0f1/Editor/Data/MonoBleedingEdge/lib/mono/unityjit'
Mono config path = 'C:/Users/User/Desktop/HERSEY/Unity/2020.3.0f1/Editor/Data/MonoBleedingEdge/etc'
Using monoOptions --debugger-agent=transport=dt_socket,embedding=1,server=y,suspend=n,address=127.0.0.1:56724
Begin MonoManager ReloadAssembly
Registering precompiled unity dll's ...
Register platform support module: C:/Users/User/Desktop/HERSEY/Unity/2020.3.0f1/Editor/Data/PlaybackEngines/WindowsStandaloneSupport/UnityEditor.WindowsStandalone.Extensions.dll
Registered in 0.001686 seconds.
Native extension for WindowsStandalone target not found
Refreshing native plugins compatible for Editor in 44.39 ms, found 0 plugins.
Preloading 0 native plugins for Editor in 0.00 ms.
Invoked RoslynAnalysisRunner static constructor.
RoslynAnalysisRunner will not be running.
RoslynAnalysisRunner has terminated.
Mono: successfully reloaded assembly
- Completed reload, in  1.578 seconds
Platform modules already initialized, skipping
Registering precompiled user dll's ...
Registered in 0.000677 seconds.
Begin MonoManager ReloadAssembly
Native extension for WindowsStandalone target not found
Refreshing native plugins compatible for Editor in 0.37 ms, found 0 plugins.
Preloading 0 native plugins for Editor in 0.00 ms.
Invoked RoslynAnalysisRunner static constructor.
RoslynAnalysisRunner will not be running.
RoslynAnalysisRunner has terminated.
Mono: successfully reloaded assembly
- Completed reload, in  0.768 seconds
Platform modules already initialized, skipping
========================================================================
Worker process is ready to serve import requests
Launched and connected shader compiler UnityShaderCompiler.exe after 0.05 seconds
Refreshing native plugins compatible for Editor in 0.54 ms, found 0 plugins.
Preloading 0 native plugins for Editor in 0.00 ms.
Unloading 1610 Unused Serialized files (Serialized files now loaded: 0)
System memory in use before: 94.5 MB.
System memory in use after: 94.3 MB.

Unloading 12 unused Assets to reduce memory usage. Loaded Objects now: 2075.
Total: 2.165100 ms (FindLiveObjects: 0.163300 ms CreateObjectMapping: 0.059700 ms MarkObjects: 1.752600 ms  DeleteObjects: 0.188500 ms)

========================================================================
Received Import Request.
  path: Assets/Plugins/RootMotion/Shared Demo Assets/Humanoid Animator Controllers/Humanoid Soccer Kick.controller
  artifactKey: Guid(290a56593a2654fb88d314b6b7d94b9b) Importer(815301076,1909f56bfc062723c751e8b465ee728b)
Start importing Assets/Plugins/RootMotion/Shared Demo Assets/Humanoid Animator Controllers/Humanoid Soccer Kick.controller using Guid(290a56593a2654fb88d314b6b7d94b9b) Importer(815301076,1909f56bfc062723c751e8b465ee728b)  -> (artifact id: '33f52916da0b486a0f086d5bb22374c6') in 0.039462 seconds
  Import took 0.042021 seconds .

========================================================================
Received Import Request.
  Time since last request: 2.940543 seconds.
  path: Assets/Plugins/RootMotion/Shared Demo Assets/Humanoid Animations/Soccer Kick.fbx
  artifactKey: Guid(c4ef7163310a180479fb795005b674c3) Importer(815301076,1909f56bfc062723c751e8b465ee728b)
Start importing Assets/Plugins/RootMotion/Shared Demo Assets/Humanoid Animations/Soccer Kick.fbx using Guid(c4ef7163310a180479fb795005b674c3) Importer(815301076,1909f56bfc062723c751e8b465ee728b)  -> (artifact id: '6770e7947fdd69e3dac2b11a1df32ba3') in 0.024510 seconds
  Import took 0.141339 seconds .

========================================================================
Received Import Request.
  Time since last request: 16.109187 seconds.
  path: Assets/Plugins/RootMotion/Shared Demo Assets/Humanoid Animator Controllers/Humanoid Idle.controller
  artifactKey: Guid(faed11bba652f41a1994daac6de46ca8) Importer(815301076,1909f56bfc062723c751e8b465ee728b)
Start importing Assets/Plugins/RootMotion/Shared Demo Assets/Humanoid Animator Controllers/Humanoid Idle.controller using Guid(faed11bba652f41a1994daac6de46ca8) Importer(815301076,1909f56bfc062723c751e8b465ee728b)  -> (artifact id: '5c38eba733fd9a410ba0de5bd41fb3bf') in 0.009076 seconds
  Import took 0.159003 seconds .

========================================================================
Received Import Request.
  Time since last request: 12.969292 seconds.
  path: Assets/Plugins/RootMotion/Shared Demo Assets/Humanoid Animations/Walk 2.fbx
  artifactKey: Guid(b902ceed1016f504cb9949d5c7fd36f2) Importer(815301076,1909f56bfc062723c751e8b465ee728b)
Start importing Assets/Plugins/RootMotion/Shared Demo Assets/Humanoid Animations/Walk 2.fbx using Guid(b902ceed1016f504cb9949d5c7fd36f2) Importer(815301076,1909f56bfc062723c751e8b465ee728b)  -> (artifact id: 'ca3f54a6057957c927135a00fe70cc7b') in 0.010119 seconds
  Import took 0.028776 seconds .

========================================================================
Received Import Request.
  Time since last request: 3.447613 seconds.
  path: Assets/Plugins/RootMotion/Shared Demo Assets/Humanoid Animations/Walk Turn Sharp.fbx
  artifactKey: Guid(de3b14b850aae314a89ad6280b2e3321) Importer(815301076,1909f56bfc062723c751e8b465ee728b)
Start importing Assets/Plugins/RootMotion/Shared Demo Assets/Humanoid Animations/Walk Turn Sharp.fbx using Guid(de3b14b850aae314a89ad6280b2e3321) Importer(815301076,1909f56bfc062723c751e8b465ee728b)  -> (artifact id: 'b8f288ffc58fa82a8357e79ef0e4d085') in 0.103389 seconds
  Import took 0.106395 seconds .

========================================================================
Received Prepare
Refreshing native plugins compatible for Editor in 0.97 ms, found 0 plugins.
Preloading 0 native plugins for Editor in 0.00 ms.
Unloading 3 Unused Serialized files (Serialized files now loaded: 0)
System memory in use before: 61.0 MB.
System memory in use after: 60.7 MB.

Unloading 4 unused Assets to reduce memory usage. Loaded Objects now: 2075.
Total: 2.796300 ms (FindLiveObjects: 0.176800 ms CreateObjectMapping: 0.054800 ms MarkObjects: 2.399100 ms  DeleteObjects: 0.164500 ms)

========================================================================
Received Import Request.
  Time since last request: 177.888507 seconds.
  path: Assets/_Game/Scenes/Main.unity
  artifactKey: Guid(fb2ce2609ca045b42ac8574bc54a2357) Importer(815301076,1909f56bfc062723c751e8b465ee728b)
Start importing Assets/_Game/Scenes/Main.unity using Guid(fb2ce2609ca045b42ac8574bc54a2357) Importer(815301076,1909f56bfc062723c751e8b465ee728b)  -> (artifact id: '3bcf1278d2caf583f7b2be8d7e8e3584') in 0.014063 seconds
  Import took 0.017042 seconds .

========================================================================
Received Prepare
Registering precompiled user dll's ...
Registered in 0.000740 seconds.
Begin MonoManager ReloadAssembly
Native extension for WindowsStandalone target not found
Refreshing native plugins compatible for Editor in 0.38 ms, found 0 plugins.
Preloading 0 native plugins for Editor in 0.00 ms.
Invoked RoslynAnalysisRunner static constructor.
RoslynAnalysisRunner will not be running.
RoslynAnalysisRunner has terminated.
Mono: successfully reloaded assembly
- Completed reload, in  0.926 seconds
Platform modules already initialized, skipping
Refreshing native plugins compatible for Editor in 0.48 ms, found 0 plugins.
Preloading 0 native plugins for Editor in 0.00 ms.
Unloading 1575 Unused Serialized files (Serialized files now loaded: 0)
System memory in use before: 92.4 MB.
System memory in use after: 92.2 MB.

Unloading 7 unused Assets to reduce memory usage. Loaded Objects now: 2079.
Total: 2.284800 ms (FindLiveObjects: 0.185400 ms CreateObjectMapping: 0.058600 ms MarkObjects: 1.855800 ms  DeleteObjects: 0.183100 ms)

AssetImportWorkerClient::OnTransportError - code=2 error=End of file
