Using pre-set license
Built from '2020.3/staging' branch; Version is '2020.3.0f1 (c7b5465681fb) revision 13088070'; Using compiler version '192528614'; Build Type 'Release'
OS: 'Windows 10 Home Single Language; OS build 19042.928; Version 2009; 64bit' Language: 'tr' Physical Memory: 16178 MB
BatchMode: 1, IsHumanControllingUs: 0, StartBugReporterOnCrash: 0, Is64bit: 1, IsPro: 0

 COMMAND LINE ARGUMENTS:
C:\Users\User\Desktop\HERSEY\Unity\2020.3.0f1\Editor\Unity.exe
-adb2
-batchMode
-noUpm
-name
AssetImportWorker1
-projectPath
D:/Bitbucket-Cold/GunRun
-logFile
Logs/AssetImportWorker1.log
-srvPort
58865
Successfully changed project path to: D:/Bitbucket-Cold/GunRun
D:/Bitbucket-Cold/GunRun
Using Asset Import Pipeline V2.
Refreshing native plugins compatible for Editor in 55.91 ms, found 0 plugins.
Preloading 0 native plugins for Editor in 0.00 ms.
Initialize engine version: 2020.3.0f1 (c7b5465681fb)
[Subsystems] Discovering subsystems at path C:/Users/User/Desktop/HERSEY/Unity/2020.3.0f1/Editor/Data/Resources/UnitySubsystems
[Subsystems] Discovering subsystems at path D:/Bitbucket-Cold/GunRun/Assets
GfxDevice: creating device client; threaded=0
Direct3D:
    Version:  Direct3D 11.0 [level 11.1]
    Renderer: NVIDIA GeForce GTX 1050 Ti (ID=0x1c8c)
    Vendor:   
    VRAM:     4018 MB
    Driver:   27.21.14.5771
Initialize mono
Mono path[0] = 'C:/Users/User/Desktop/HERSEY/Unity/2020.3.0f1/Editor/Data/Managed'
Mono path[1] = 'C:/Users/User/Desktop/HERSEY/Unity/2020.3.0f1/Editor/Data/MonoBleedingEdge/lib/mono/unityjit'
Mono config path = 'C:/Users/User/Desktop/HERSEY/Unity/2020.3.0f1/Editor/Data/MonoBleedingEdge/etc'
Using monoOptions --debugger-agent=transport=dt_socket,embedding=1,server=y,suspend=n,address=127.0.0.1:56468
Begin MonoManager ReloadAssembly
Registering precompiled unity dll's ...
Register platform support module: C:/Users/User/Desktop/HERSEY/Unity/2020.3.0f1/Editor/Data/PlaybackEngines/WindowsStandaloneSupport/UnityEditor.WindowsStandalone.Extensions.dll
Registered in 0.002041 seconds.
Native extension for WindowsStandalone target not found
Refreshing native plugins compatible for Editor in 58.87 ms, found 0 plugins.
Preloading 0 native plugins for Editor in 0.00 ms.
Invoked RoslynAnalysisRunner static constructor.
RoslynAnalysisRunner will not be running.
RoslynAnalysisRunner has terminated.
Mono: successfully reloaded assembly
- Completed reload, in  2.663 seconds
Platform modules already initialized, skipping
Registering precompiled user dll's ...
Registered in 0.000938 seconds.
Begin MonoManager ReloadAssembly
Native extension for WindowsStandalone target not found
Refreshing native plugins compatible for Editor in 0.53 ms, found 0 plugins.
Preloading 0 native plugins for Editor in 0.00 ms.
Invoked RoslynAnalysisRunner static constructor.
RoslynAnalysisRunner will not be running.
RoslynAnalysisRunner has terminated.
Mono: successfully reloaded assembly
- Completed reload, in  1.137 seconds
Platform modules already initialized, skipping
========================================================================
Worker process is ready to serve import requests
Launched and connected shader compiler UnityShaderCompiler.exe after 0.06 seconds
Refreshing native plugins compatible for Editor in 0.41 ms, found 0 plugins.
Preloading 0 native plugins for Editor in 0.00 ms.
Unloading 1704 Unused Serialized files (Serialized files now loaded: 0)
System memory in use before: 98.6 MB.
System memory in use after: 98.4 MB.

Unloading 12 unused Assets to reduce memory usage. Loaded Objects now: 2171.
Total: 2.106300 ms (FindLiveObjects: 0.303100 ms CreateObjectMapping: 0.118100 ms MarkObjects: 1.494300 ms  DeleteObjects: 0.189800 ms)

========================================================================
Received Import Request.
  path: Assets/Plugins/RootMotion/Shared Demo Assets/Humanoid Animator Controllers/Humanoid Strafing and Aiming.controller
  artifactKey: Guid(f3ae42774e2a946d09a0ed798fa10406) Importer(815301076,1909f56bfc062723c751e8b465ee728b)
Start importing Assets/Plugins/RootMotion/Shared Demo Assets/Humanoid Animator Controllers/Humanoid Strafing and Aiming.controller using Guid(f3ae42774e2a946d09a0ed798fa10406) Importer(815301076,1909f56bfc062723c751e8b465ee728b)  -> (artifact id: 'dc61e63787911e7833b88bdfb3092745') in 0.090309 seconds
  Import took 0.095184 seconds .

========================================================================
Received Prepare
Refreshing native plugins compatible for Editor in 0.79 ms, found 0 plugins.
Preloading 0 native plugins for Editor in 0.00 ms.
Unloading 3 Unused Serialized files (Serialized files now loaded: 0)
System memory in use before: 63.0 MB.
System memory in use after: 62.7 MB.

Unloading 4 unused Assets to reduce memory usage. Loaded Objects now: 2171.
Total: 6.055100 ms (FindLiveObjects: 0.928000 ms CreateObjectMapping: 0.264100 ms MarkObjects: 4.547100 ms  DeleteObjects: 0.312200 ms)

========================================================================
Received Import Request.
  Time since last request: 169.198096 seconds.
  path: Assets/Plugins/RootMotion/Shared Demo Assets/Humanoid Animator Controllers/Humanoid Strafing and Aiming 1.controller
  artifactKey: Guid(f8b797999aa9b7c459ea1b6b44114353) Importer(815301076,1909f56bfc062723c751e8b465ee728b)
Start importing Assets/Plugins/RootMotion/Shared Demo Assets/Humanoid Animator Controllers/Humanoid Strafing and Aiming 1.controller using Guid(f8b797999aa9b7c459ea1b6b44114353) Importer(815301076,1909f56bfc062723c751e8b465ee728b)  -> (artifact id: '7a47c3449e4236acb89adaf6f968f121') in 0.026865 seconds
  Import took 0.030382 seconds .

========================================================================
Received Import Request.
  Time since last request: 6.405579 seconds.
  path: Assets/Plugins/RootMotion/Shared Demo Assets/Humanoid Animator Controllers/PLAYER.controller
  artifactKey: Guid(f8b797999aa9b7c459ea1b6b44114353) Importer(815301076,1909f56bfc062723c751e8b465ee728b)
Start importing Assets/Plugins/RootMotion/Shared Demo Assets/Humanoid Animator Controllers/PLAYER.controller using Guid(f8b797999aa9b7c459ea1b6b44114353) Importer(815301076,1909f56bfc062723c751e8b465ee728b)  -> (artifact id: 'dea1b7d5cfa381f1fb674d1b4898dbf2') in 0.017043 seconds
  Import took 0.021054 seconds .

========================================================================
Received Import Request.
  Time since last request: 12.458379 seconds.
  path: Assets/Plugins/RootMotion/Shared Demo Assets/Humanoid Animator Controllers/PLAYER.controller
  artifactKey: Guid(f8b797999aa9b7c459ea1b6b44114353) Importer(815301076,1909f56bfc062723c751e8b465ee728b)
Start importing Assets/Plugins/RootMotion/Shared Demo Assets/Humanoid Animator Controllers/PLAYER.controller using Guid(f8b797999aa9b7c459ea1b6b44114353) Importer(815301076,1909f56bfc062723c751e8b465ee728b)  -> (artifact id: 'da4f0a33bff2cf7c174e9b30e87885a6') in 0.010589 seconds
  Import took 0.013838 seconds .

========================================================================
Received Import Request.
  Time since last request: 83.597420 seconds.
  path: Assets/Plugins/RootMotion/Shared Demo Assets/Humanoid Animations/Strafing.fbx
  artifactKey: Guid(e566a601721485e46863d1027d4d6d4e) Importer(815301076,1909f56bfc062723c751e8b465ee728b)
Start importing Assets/Plugins/RootMotion/Shared Demo Assets/Humanoid Animations/Strafing.fbx using Guid(e566a601721485e46863d1027d4d6d4e) Importer(815301076,1909f56bfc062723c751e8b465ee728b)  -> (artifact id: '2036dee03ddadea8c6554892665a3075') in 0.064148 seconds
  Import took 0.067722 seconds .

========================================================================
Received Import Request.
  Time since last request: 0.006221 seconds.
  path: Assets/Plugins/RootMotion/Shared Demo Assets/Humanoid Animations/Strafing.fbx
  artifactKey: Guid(e566a601721485e46863d1027d4d6d4e) Importer(815301076,1909f56bfc062723c751e8b465ee728b)
Start importing Assets/Plugins/RootMotion/Shared Demo Assets/Humanoid Animations/Strafing.fbx using Guid(e566a601721485e46863d1027d4d6d4e) Importer(815301076,1909f56bfc062723c751e8b465ee728b)  -> (artifact id: '2036dee03ddadea8c6554892665a3075') in 0.008882 seconds
  Import took 0.012664 seconds .

========================================================================
Received Import Request.
  Time since last request: 5.150162 seconds.
  path: Assets/Plugins/RootMotion/Shared Demo Assets/Humanoid Animations/Swing Right Loop.FBX
  artifactKey: Guid(687c90bad30a015408181d40c120d2c6) Importer(815301076,1909f56bfc062723c751e8b465ee728b)
Start importing Assets/Plugins/RootMotion/Shared Demo Assets/Humanoid Animations/Swing Right Loop.FBX using Guid(687c90bad30a015408181d40c120d2c6) Importer(815301076,1909f56bfc062723c751e8b465ee728b)  -> (artifact id: '9b9a99a5dc3670446bce73cbb0ff8746') in 0.107411 seconds
  Import took 0.110894 seconds .

========================================================================
Received Import Request.
  Time since last request: 9.319553 seconds.
  path: Assets/Plugins/RootMotion/Shared Demo Assets/Humanoid Animations/Run Turn.fbx
  artifactKey: Guid(f2058580a3b66b041bc906b2a8d0accd) Importer(815301076,1909f56bfc062723c751e8b465ee728b)
Start importing Assets/Plugins/RootMotion/Shared Demo Assets/Humanoid Animations/Run Turn.fbx using Guid(f2058580a3b66b041bc906b2a8d0accd) Importer(815301076,1909f56bfc062723c751e8b465ee728b)  -> (artifact id: 'c86b7d306a67f495187990b8dd7f2509') in 0.012446 seconds
  Import took 0.015551 seconds .

========================================================================
Received Import Request.
  Time since last request: 13.529051 seconds.
  path: Assets/Plugins/RootMotion/Shared Demo Assets/Humanoid Animations/Run.fbx
  artifactKey: Guid(5793c842832b08348afd121473dfdf7e) Importer(815301076,1909f56bfc062723c751e8b465ee728b)
Start importing Assets/Plugins/RootMotion/Shared Demo Assets/Humanoid Animations/Run.fbx using Guid(5793c842832b08348afd121473dfdf7e) Importer(815301076,1909f56bfc062723c751e8b465ee728b)  -> (artifact id: '2418626034650720a545febcf8aa3a84') in 0.010106 seconds
  Import took 0.104920 seconds .

========================================================================
Received Import Request.
  Time since last request: 43.266955 seconds.
  path: Assets/Plugins/RootMotion/Shared Demo Assets/Humanoid Animator Controllers/PLAYER.controller
  artifactKey: Guid(f8b797999aa9b7c459ea1b6b44114353) Importer(815301076,1909f56bfc062723c751e8b465ee728b)
Start importing Assets/Plugins/RootMotion/Shared Demo Assets/Humanoid Animator Controllers/PLAYER.controller using Guid(f8b797999aa9b7c459ea1b6b44114353) Importer(815301076,1909f56bfc062723c751e8b465ee728b)  -> (artifact id: 'ac101244f4f856e5e6b4393187d49cb2') in 0.012323 seconds
  Import took 0.016419 seconds .

========================================================================
Received Import Request.
  Time since last request: 0.009620 seconds.
  path: Assets/Plugins/RootMotion/Shared Demo Assets/Humanoid Animator Controllers/PLAYER.controller
  artifactKey: Guid(f8b797999aa9b7c459ea1b6b44114353) Importer(815301076,1909f56bfc062723c751e8b465ee728b)
Start importing Assets/Plugins/RootMotion/Shared Demo Assets/Humanoid Animator Controllers/PLAYER.controller using Guid(f8b797999aa9b7c459ea1b6b44114353) Importer(815301076,1909f56bfc062723c751e8b465ee728b)  -> (artifact id: 'ac101244f4f856e5e6b4393187d49cb2') in 0.010957 seconds
  Import took 0.014358 seconds .

========================================================================
Received Import Request.
  Time since last request: 16.521460 seconds.
  path: Assets/_Game/Models/Animations/Sprint/SprintL.anim
  artifactKey: Guid(f09df9924df50f94abfb895adecd0f1e) Importer(815301076,1909f56bfc062723c751e8b465ee728b)
Start importing Assets/_Game/Models/Animations/Sprint/SprintL.anim using Guid(f09df9924df50f94abfb895adecd0f1e) Importer(815301076,1909f56bfc062723c751e8b465ee728b)  -> (artifact id: '1a90b8e3738f4344bfa756f1a3e5e34e') in 0.012357 seconds
  Import took 0.015157 seconds .

========================================================================
Received Import Request.
  Time since last request: 12.365208 seconds.
  path: Assets/_Game/Models/Animations/Controllers
  artifactKey: Guid(01734f0274ae7504b943fe1229a72672) Importer(815301076,1909f56bfc062723c751e8b465ee728b)
Start importing Assets/_Game/Models/Animations/Controllers using Guid(01734f0274ae7504b943fe1229a72672) Importer(815301076,1909f56bfc062723c751e8b465ee728b)  -> (artifact id: 'ea4416fdd9340e3218c97b0624b0f828') in 0.005832 seconds
  Import took 0.008672 seconds .

========================================================================
Received Import Request.
  Time since last request: 0.834695 seconds.
  path: Assets/_Game/Models/Animations/Controllers/Player.controller
  artifactKey: Guid(9b0fe34429184ec4e809a94732a4f755) Importer(815301076,1909f56bfc062723c751e8b465ee728b)
Start importing Assets/_Game/Models/Animations/Controllers/Player.controller using Guid(9b0fe34429184ec4e809a94732a4f755) Importer(815301076,1909f56bfc062723c751e8b465ee728b)  -> (artifact id: '893543c3e8076fb7309cb2678c44ed61') in 0.018392 seconds
  Import took 0.021936 seconds .

========================================================================
Received Import Request.
  Time since last request: 0.012379 seconds.
  path: Assets/_Game/Models/Animations/Controllers/Player.controller
  artifactKey: Guid(9b0fe34429184ec4e809a94732a4f755) Importer(815301076,1909f56bfc062723c751e8b465ee728b)
Start importing Assets/_Game/Models/Animations/Controllers/Player.controller using Guid(9b0fe34429184ec4e809a94732a4f755) Importer(815301076,1909f56bfc062723c751e8b465ee728b)  -> (artifact id: '893543c3e8076fb7309cb2678c44ed61') in 0.021120 seconds
  Import took 0.024972 seconds .

========================================================================
Received Prepare
Registering precompiled user dll's ...
Registered in 0.000676 seconds.
Begin MonoManager ReloadAssembly
Native extension for WindowsStandalone target not found
Refreshing native plugins compatible for Editor in 0.43 ms, found 0 plugins.
Preloading 0 native plugins for Editor in 0.00 ms.
Invoked RoslynAnalysisRunner static constructor.
RoslynAnalysisRunner will not be running.
RoslynAnalysisRunner has terminated.
Mono: successfully reloaded assembly
- Completed reload, in  0.795 seconds
Platform modules already initialized, skipping
Refreshing native plugins compatible for Editor in 0.43 ms, found 0 plugins.
Preloading 0 native plugins for Editor in 0.00 ms.
Unloading 1669 Unused Serialized files (Serialized files now loaded: 0)
System memory in use before: 96.6 MB.
System memory in use after: 96.3 MB.

Unloading 7 unused Assets to reduce memory usage. Loaded Objects now: 2175.
Total: 2.406600 ms (FindLiveObjects: 0.244300 ms CreateObjectMapping: 0.075400 ms MarkObjects: 1.920200 ms  DeleteObjects: 0.165600 ms)

========================================================================
Received Import Request.
  Time since last request: 24.402107 seconds.
  path: Assets/Plugins/RootMotion/Shared Demo Assets/Humanoid Animations/Run.anim
  artifactKey: Guid(8d544ad3b82235647a66178f3243914e) Importer(815301076,1909f56bfc062723c751e8b465ee728b)
Start importing Assets/Plugins/RootMotion/Shared Demo Assets/Humanoid Animations/Run.anim using Guid(8d544ad3b82235647a66178f3243914e) Importer(815301076,1909f56bfc062723c751e8b465ee728b)  -> (artifact id: '52739b038591b6f406d991d91aeea454') in 0.030259 seconds
  Import took 0.117232 seconds .

========================================================================
Received Prepare
Registering precompiled user dll's ...
Registered in 0.001065 seconds.
Begin MonoManager ReloadAssembly
Native extension for WindowsStandalone target not found
Refreshing native plugins compatible for Editor in 0.45 ms, found 0 plugins.
Preloading 0 native plugins for Editor in 0.00 ms.
Invoked RoslynAnalysisRunner static constructor.
RoslynAnalysisRunner will not be running.
RoslynAnalysisRunner has terminated.
Mono: successfully reloaded assembly
- Completed reload, in  0.788 seconds
Platform modules already initialized, skipping
Refreshing native plugins compatible for Editor in 0.64 ms, found 0 plugins.
Preloading 0 native plugins for Editor in 0.00 ms.
Unloading 1668 Unused Serialized files (Serialized files now loaded: 0)
System memory in use before: 96.5 MB.
System memory in use after: 96.3 MB.

Unloading 7 unused Assets to reduce memory usage. Loaded Objects now: 2178.
Total: 2.362400 ms (FindLiveObjects: 0.294200 ms CreateObjectMapping: 0.120200 ms MarkObjects: 1.736800 ms  DeleteObjects: 0.210000 ms)

========================================================================
Received Prepare
Registering precompiled user dll's ...
Registered in 0.000749 seconds.
Begin MonoManager ReloadAssembly
Native extension for WindowsStandalone target not found
Refreshing native plugins compatible for Editor in 0.50 ms, found 0 plugins.
Preloading 0 native plugins for Editor in 0.00 ms.
Invoked RoslynAnalysisRunner static constructor.
RoslynAnalysisRunner will not be running.
RoslynAnalysisRunner has terminated.
Mono: successfully reloaded assembly
- Completed reload, in  0.817 seconds
Platform modules already initialized, skipping
Refreshing native plugins compatible for Editor in 0.42 ms, found 0 plugins.
Preloading 0 native plugins for Editor in 0.00 ms.
Unloading 1668 Unused Serialized files (Serialized files now loaded: 0)
System memory in use before: 96.5 MB.
System memory in use after: 96.3 MB.

Unloading 7 unused Assets to reduce memory usage. Loaded Objects now: 2181.
Total: 2.564300 ms (FindLiveObjects: 0.311300 ms CreateObjectMapping: 0.141300 ms MarkObjects: 1.856500 ms  DeleteObjects: 0.253600 ms)

========================================================================
Received Import Request.
  Time since last request: 304.834845 seconds.
  path: Assets/Plugins/RootMotion/Shared Demo Assets/Humanoid Animator Controllers/Humanoid Strafing and Aiming.controller
  artifactKey: Guid(f3ae42774e2a946d09a0ed798fa10406) Importer(815301076,1909f56bfc062723c751e8b465ee728b)
Start importing Assets/Plugins/RootMotion/Shared Demo Assets/Humanoid Animator Controllers/Humanoid Strafing and Aiming.controller using Guid(f3ae42774e2a946d09a0ed798fa10406) Importer(815301076,1909f56bfc062723c751e8b465ee728b)  -> (artifact id: '2827ae651b525039378b680895e5aa1c') in 0.032939 seconds
  Import took 0.036445 seconds .

========================================================================
Received Prepare
Registering precompiled user dll's ...
Registered in 0.000635 seconds.
Begin MonoManager ReloadAssembly
Native extension for WindowsStandalone target not found
Refreshing native plugins compatible for Editor in 0.38 ms, found 0 plugins.
Preloading 0 native plugins for Editor in 0.00 ms.
Invoked RoslynAnalysisRunner static constructor.
RoslynAnalysisRunner will not be running.
RoslynAnalysisRunner has terminated.
Mono: successfully reloaded assembly
- Completed reload, in  0.771 seconds
Platform modules already initialized, skipping
Refreshing native plugins compatible for Editor in 0.37 ms, found 0 plugins.
Preloading 0 native plugins for Editor in 0.00 ms.
Unloading 1668 Unused Serialized files (Serialized files now loaded: 0)
System memory in use before: 96.6 MB.
System memory in use after: 96.3 MB.

Unloading 7 unused Assets to reduce memory usage. Loaded Objects now: 2184.
Total: 2.227800 ms (FindLiveObjects: 0.309500 ms CreateObjectMapping: 0.109600 ms MarkObjects: 1.618500 ms  DeleteObjects: 0.188800 ms)

========================================================================
Received Import Request.
  Time since last request: 96.932865 seconds.
  path: Assets/Plugins/RootMotion/Shared Demo Assets/Humanoid Animator Controllers/Humanoid Strafing and Aiming 1.controller
  artifactKey: Guid(3df6a713f1550ed49a1655280a97c248) Importer(815301076,1909f56bfc062723c751e8b465ee728b)
Start importing Assets/Plugins/RootMotion/Shared Demo Assets/Humanoid Animator Controllers/Humanoid Strafing and Aiming 1.controller using Guid(3df6a713f1550ed49a1655280a97c248) Importer(815301076,1909f56bfc062723c751e8b465ee728b)  -> (artifact id: 'daa2e266905e36dcae822612b1cff50c') in 0.041480 seconds
  Import took 0.045763 seconds .

========================================================================
Received Import Request.
  Time since last request: 8.258577 seconds.
  path: Assets/Plugins/RootMotion/Shared Demo Assets/Humanoid Animator Controllers/PlayerAnimator.controller
  artifactKey: Guid(3df6a713f1550ed49a1655280a97c248) Importer(815301076,1909f56bfc062723c751e8b465ee728b)
Start importing Assets/Plugins/RootMotion/Shared Demo Assets/Humanoid Animator Controllers/PlayerAnimator.controller using Guid(3df6a713f1550ed49a1655280a97c248) Importer(815301076,1909f56bfc062723c751e8b465ee728b)  -> (artifact id: '7356e46772386413af9707d625f977bd') in 0.024487 seconds
  Import took 0.027960 seconds .

========================================================================
Received Prepare
Registering precompiled user dll's ...
Registered in 0.000631 seconds.
Begin MonoManager ReloadAssembly
Native extension for WindowsStandalone target not found
Refreshing native plugins compatible for Editor in 0.46 ms, found 0 plugins.
Preloading 0 native plugins for Editor in 0.00 ms.
Invoked RoslynAnalysisRunner static constructor.
RoslynAnalysisRunner will not be running.
RoslynAnalysisRunner has terminated.
Mono: successfully reloaded assembly
- Completed reload, in  0.720 seconds
Platform modules already initialized, skipping
Refreshing native plugins compatible for Editor in 0.40 ms, found 0 plugins.
Preloading 0 native plugins for Editor in 0.00 ms.
Unloading 1668 Unused Serialized files (Serialized files now loaded: 0)
System memory in use before: 96.6 MB.
System memory in use after: 96.3 MB.

Unloading 7 unused Assets to reduce memory usage. Loaded Objects now: 2187.
Total: 3.032300 ms (FindLiveObjects: 0.219900 ms CreateObjectMapping: 0.061700 ms MarkObjects: 2.242700 ms  DeleteObjects: 0.505900 ms)

========================================================================
Received Prepare
Registering precompiled user dll's ...
Registered in 0.000661 seconds.
Begin MonoManager ReloadAssembly
Native extension for WindowsStandalone target not found
Refreshing native plugins compatible for Editor in 0.42 ms, found 0 plugins.
Preloading 0 native plugins for Editor in 0.00 ms.
Invoked RoslynAnalysisRunner static constructor.
RoslynAnalysisRunner will not be running.
RoslynAnalysisRunner has terminated.
Mono: successfully reloaded assembly
- Completed reload, in  0.757 seconds
Platform modules already initialized, skipping
Refreshing native plugins compatible for Editor in 0.46 ms, found 0 plugins.
Preloading 0 native plugins for Editor in 0.00 ms.
Unloading 1668 Unused Serialized files (Serialized files now loaded: 0)
System memory in use before: 96.6 MB.
System memory in use after: 96.3 MB.

Unloading 7 unused Assets to reduce memory usage. Loaded Objects now: 2190.
Total: 3.379700 ms (FindLiveObjects: 0.748200 ms CreateObjectMapping: 0.132000 ms MarkObjects: 2.142800 ms  DeleteObjects: 0.353900 ms)

========================================================================
Received Prepare
Registering precompiled user dll's ...
Registered in 0.000741 seconds.
Begin MonoManager ReloadAssembly
Native extension for WindowsStandalone target not found
Refreshing native plugins compatible for Editor in 0.43 ms, found 0 plugins.
Preloading 0 native plugins for Editor in 0.00 ms.
Invoked RoslynAnalysisRunner static constructor.
RoslynAnalysisRunner will not be running.
RoslynAnalysisRunner has terminated.
Mono: successfully reloaded assembly
- Completed reload, in  0.773 seconds
Platform modules already initialized, skipping
Refreshing native plugins compatible for Editor in 0.55 ms, found 0 plugins.
Preloading 0 native plugins for Editor in 0.00 ms.
Unloading 1668 Unused Serialized files (Serialized files now loaded: 0)
System memory in use before: 96.6 MB.
System memory in use after: 96.3 MB.

Unloading 7 unused Assets to reduce memory usage. Loaded Objects now: 2193.
Total: 2.652900 ms (FindLiveObjects: 0.312600 ms CreateObjectMapping: 0.082600 ms MarkObjects: 2.005300 ms  DeleteObjects: 0.250900 ms)

